# JRE version: OpenJDK Runtime Environment (8.0_152-b01) (build 1.8.0_152-release-1248-b01)
# Java VM: OpenJDK 64-Bit Server VM (25.152-b01 mixed mode windows-amd64 compressed oops)
Heap:
 PSYoungGen      total 456192K, used 133529K [0x00000000d5d00000, 0x00000000f6500000, 0x0000000100000000)
  eden space 421376K, 28% used [0x00000000d5d00000,0x00000000dd188e68,0x00000000ef880000)
  from space 34816K, 40% used [0x00000000f1880000,0x00000000f265d830,0x00000000f3a80000)
  to   space 32768K, 0% used [0x00000000ef880000,0x00000000ef880000,0x00000000f1880000)
 ParOldGen       total 175616K, used 76234K [0x0000000081600000, 0x000000008c180000, 0x00000000d5d00000)
  object space 175616K, 43% used [0x0000000081600000,0x0000000086072810,0x000000008c180000)
 Metaspace       used 48014K, capacity 52905K, committed 53160K, reserved 1095680K
  class space    used 5341K, capacity 6969K, committed 7080K, reserved 1048576K
GC Heap History (10 events):
Event: 9.126 GC heap before
{Heap before GC invocations=10 (full 1):
 PSYoungGen      total 287232K, used 25072K [0x00000000d5d00000, 0x00000000f4000000, 0x0000000100000000)
  eden space 262144K, 0% used [0x00000000d5d00000,0x00000000d5d00000,0x00000000e5d00000)
  from space 25088K, 99% used [0x00000000e5d00000,0x00000000e757c050,0x00000000e7580000)
  to   space 37376K, 0% used [0x00000000f1b80000,0x00000000f1b80000,0x00000000f4000000)
 ParOldGen       total 87552K, used 50504K [0x0000000081600000, 0x0000000086b80000, 0x00000000d5d00000)
  object space 87552K, 57% used [0x0000000081600000,0x0000000084752190,0x0000000086b80000)
 Metaspace       used 20358K, capacity 21154K, committed 21296K, reserved 1069056K
  class space    used 2056K, capacity 2381K, committed 2432K, reserved 1048576K
Event: 9.472 GC heap after
Heap after GC invocations=10 (full 1):
 PSYoungGen      total 287232K, used 0K [0x00000000d5d00000, 0x00000000f4000000, 0x0000000100000000)
  eden space 262144K, 0% used [0x00000000d5d00000,0x00000000d5d00000,0x00000000e5d00000)
  from space 25088K, 0% used [0x00000000e5d00000,0x00000000e5d00000,0x00000000e7580000)
  to   space 37376K, 0% used [0x00000000f1b80000,0x00000000f1b80000,0x00000000f4000000)
 ParOldGen       total 135680K, used 67833K [0x0000000081600000, 0x0000000089a80000, 0x00000000d5d00000)
  object space 135680K, 49% used [0x0000000081600000,0x000000008583e748,0x0000000089a80000)
 Metaspace       used 20358K, capacity 21154K, committed 21296K, reserved 1069056K
  class space    used 2056K, capacity 2381K, committed 2432K, reserved 1048576K
}
Event: 11.016 GC heap before
{Heap before GC invocations=11 (full 1):
 PSYoungGen      total 287232K, used 262144K [0x00000000d5d00000, 0x00000000f4000000, 0x0000000100000000)
  eden space 262144K, 100% used [0x00000000d5d00000,0x00000000e5d00000,0x00000000e5d00000)
  from space 25088K, 0% used [0x00000000e5d00000,0x00000000e5d00000,0x00000000e7580000)
  to   space 37376K, 0% used [0x00000000f1b80000,0x00000000f1b80000,0x00000000f4000000)
 ParOldGen       total 135680K, used 67833K [0x0000000081600000, 0x0000000089a80000, 0x00000000d5d00000)
  object space 135680K, 49% used [0x0000000081600000,0x000000008583e748,0x0000000089a80000)
 Metaspace       used 26647K, capacity 28074K, committed 28288K, reserved 1075200K
  class space    used 2590K, capacity 3108K, committed 3200K, reserved 1048576K
Event: 11.029 GC heap after
Heap after GC invocations=11 (full 1):
 PSYoungGen      total 342528K, used 6939K [0x00000000d5d00000, 0x00000000f2280000, 0x0000000100000000)
  eden space 335360K, 0% used [0x00000000d5d00000,0x00000000d5d00000,0x00000000ea480000)
  from space 7168K, 96% used [0x00000000f1b80000,0x00000000f2246ce8,0x00000000f2280000)
  to   space 36352K, 0% used [0x00000000edb80000,0x00000000edb80000,0x00000000eff00000)
 ParOldGen       total 135680K, used 67841K [0x0000000081600000, 0x0000000089a80000, 0x00000000d5d00000)
  object space 135680K, 50% used [0x0000000081600000,0x0000000085840748,0x0000000089a80000)
 Metaspace       used 26647K, capacity 28074K, committed 28288K, reserved 1075200K
  class space    used 2590K, capacity 3108K, committed 3200K, reserved 1048576K
}
Event: 13.173 GC heap before
{Heap before GC invocations=12 (full 1):
 PSYoungGen      total 342528K, used 289447K [0x00000000d5d00000, 0x00000000f2280000, 0x0000000100000000)
  eden space 335360K, 84% used [0x00000000d5d00000,0x00000000e70e3250,0x00000000ea480000)
  from space 7168K, 96% used [0x00000000f1b80000,0x00000000f2246ce8,0x00000000f2280000)
  to   space 36352K, 0% used [0x00000000edb80000,0x00000000edb80000,0x00000000eff00000)
 ParOldGen       total 135680K, used 67841K [0x0000000081600000, 0x0000000089a80000, 0x00000000d5d00000)
  object space 135680K, 50% used [0x0000000081600000,0x0000000085840748,0x0000000089a80000)
 Metaspace       used 33320K, capacity 35394K, committed 35496K, reserved 1081344K
  class space    used 3246K, capacity 4008K, committed 4008K, reserved 1048576K
Event: 13.194 GC heap after
Heap after GC invocations=12 (full 1):
 PSYoungGen      total 428032K, used 10772K [0x00000000d5d00000, 0x00000000f3a80000, 0x0000000100000000)
  eden space 391680K, 0% used [0x00000000d5d00000,0x00000000d5d00000,0x00000000edb80000)
  from space 36352K, 29% used [0x00000000edb80000,0x00000000ee6050a0,0x00000000eff00000)
  to   space 34816K, 0% used [0x00000000f1880000,0x00000000f1880000,0x00000000f3a80000)
 ParOldGen       total 135680K, used 67849K [0x0000000081600000, 0x0000000089a80000, 0x00000000d5d00000)
  object space 135680K, 50% used [0x0000000081600000,0x0000000085842748,0x0000000089a80000)
 Metaspace       used 33320K, capacity 35394K, committed 35496K, reserved 1081344K
  class space    used 3246K, capacity 4008K, committed 4008K, reserved 1048576K
}
Event: 13.194 GC heap before
{Heap before GC invocations=13 (full 2):
 PSYoungGen      total 428032K, used 10772K [0x00000000d5d00000, 0x00000000f3a80000, 0x0000000100000000)
  eden space 391680K, 0% used [0x00000000d5d00000,0x00000000d5d00000,0x00000000edb80000)
  from space 36352K, 29% used [0x00000000edb80000,0x00000000ee6050a0,0x00000000eff00000)
  to   space 34816K, 0% used [0x00000000f1880000,0x00000000f1880000,0x00000000f3a80000)
 ParOldGen       total 135680K, used 67849K [0x0000000081600000, 0x0000000089a80000, 0x00000000d5d00000)
  object space 135680K, 50% used [0x0000000081600000,0x0000000085842748,0x0000000089a80000)
 Metaspace       used 33320K, capacity 35394K, committed 35496K, reserved 1081344K
  class space    used 3246K, capacity 4008K, committed 4008K, reserved 1048576K
Event: 13.425 GC heap after
Heap after GC invocations=13 (full 2):
 PSYoungGen      total 428032K, used 0K [0x00000000d5d00000, 0x00000000f3a80000, 0x0000000100000000)
  eden space 391680K, 0% used [0x00000000d5d00000,0x00000000d5d00000,0x00000000edb80000)
  from space 36352K, 0% used [0x00000000edb80000,0x00000000edb80000,0x00000000eff00000)
  to   space 34816K, 0% used [0x00000000f1880000,0x00000000f1880000,0x00000000f3a80000)
 ParOldGen       total 175616K, used 76226K [0x0000000081600000, 0x000000008c180000, 0x00000000d5d00000)
  object space 175616K, 43% used [0x0000000081600000,0x0000000086070810,0x000000008c180000)
 Metaspace       used 33320K, capacity 35394K, committed 35496K, reserved 1081344K
  class space    used 3246K, capacity 4008K, committed 4008K, reserved 1048576K
}
Event: 16.152 GC heap before
{Heap before GC invocations=14 (full 2):
 PSYoungGen      total 428032K, used 391680K [0x00000000d5d00000, 0x00000000f3a80000, 0x0000000100000000)
  eden space 391680K, 100% used [0x00000000d5d00000,0x00000000edb80000,0x00000000edb80000)
  from space 36352K, 0% used [0x00000000edb80000,0x00000000edb80000,0x00000000eff00000)
  to   space 34816K, 0% used [0x00000000f1880000,0x00000000f1880000,0x00000000f3a80000)
 ParOldGen       total 175616K, used 76226K [0x0000000081600000, 0x000000008c180000, 0x00000000d5d00000)
  object space 175616K, 43% used [0x0000000081600000,0x0000000086070810,0x000000008c180000)
 Metaspace       used 45223K, capacity 49401K, committed 49704K, reserved 1093632K
  class space    used 4965K, capacity 6388K, committed 6440K, reserved 1048576K
Event: 16.187 GC heap after
Heap after GC invocations=14 (full 2):
 PSYoungGen      total 456192K, used 14198K [0x00000000d5d00000, 0x00000000f6500000, 0x0000000100000000)
  eden space 421376K, 0% used [0x00000000d5d00000,0x00000000d5d00000,0x00000000ef880000)
  from space 34816K, 40% used [0x00000000f1880000,0x00000000f265d830,0x00000000f3a80000)
  to   space 32768K, 0% used [0x00000000ef880000,0x00000000ef880000,0x00000000f1880000)
 ParOldGen       total 175616K, used 76234K [0x0000000081600000, 0x000000008c180000, 0x00000000d5d00000)
  object space 175616K, 43% used [0x0000000081600000,0x0000000086072810,0x000000008c180000)
 Metaspace       used 45223K, capacity 49401K, committed 49704K, reserved 1093632K
  class space    used 4965K, capacity 6388K, committed 6440K, reserved 1048576K
}

