# JRE version: OpenJDK Runtime Environment (8.0_152-b01) (build 1.8.0_152-release-1248-b01)
# Java VM: OpenJDK 64-Bit Server VM (25.152-b01 mixed mode windows-amd64 compressed oops)
Heap:
 PSYoungGen      total 426496K, used 117448K [0x00000000d5d00000, 0x00000000f4400000, 0x0000000100000000)
  eden space 389120K, 26% used [0x00000000d5d00000,0x00000000dc1efb28,0x00000000ed900000)
  from space 37376K, 37% used [0x00000000f1f80000,0x00000000f2d42570,0x00000000f4400000)
  to   space 38912K, 0% used [0x00000000ed900000,0x00000000ed900000,0x00000000eff00000)
 ParOldGen       total 139776K, used 76207K [0x0000000081600000, 0x0000000089e80000, 0x00000000d5d00000)
  object space 139776K, 54% used [0x0000000081600000,0x000000008606bdc0,0x0000000089e80000)
 Metaspace       used 47568K, capacity 52202K, committed 52392K, reserved 1095680K
  class space    used 5252K, capacity 6812K, committed 6824K, reserved 1048576K
GC Heap History (10 events):
Event: 9.209 GC heap before
{Heap before GC invocations=10 (full 1):
 PSYoungGen      total 289792K, used 27632K [0x00000000d5d00000, 0x00000000f4500000, 0x0000000100000000)
  eden space 262144K, 0% used [0x00000000d5d00000,0x00000000d5d00000,0x00000000e5d00000)
  from space 27648K, 99% used [0x00000000e5d00000,0x00000000e77fc010,0x00000000e7800000)
  to   space 39936K, 0% used [0x00000000f1e00000,0x00000000f1e00000,0x00000000f4500000)
 ParOldGen       total 87552K, used 54600K [0x0000000081600000, 0x0000000086b80000, 0x00000000d5d00000)
  object space 87552K, 62% used [0x0000000081600000,0x0000000084b520e8,0x0000000086b80000)
 Metaspace       used 20350K, capacity 21154K, committed 21296K, reserved 1069056K
  class space    used 2056K, capacity 2381K, committed 2432K, reserved 1048576K
Event: 9.525 GC heap after
Heap after GC invocations=10 (full 1):
 PSYoungGen      total 289792K, used 0K [0x00000000d5d00000, 0x00000000f4500000, 0x0000000100000000)
  eden space 262144K, 0% used [0x00000000d5d00000,0x00000000d5d00000,0x00000000e5d00000)
  from space 27648K, 0% used [0x00000000e5d00000,0x00000000e5d00000,0x00000000e7800000)
  to   space 39936K, 0% used [0x00000000f1e00000,0x00000000f1e00000,0x00000000f4500000)
 ParOldGen       total 139776K, used 70844K [0x0000000081600000, 0x0000000089e80000, 0x00000000d5d00000)
  object space 139776K, 50% used [0x0000000081600000,0x0000000085b2f050,0x0000000089e80000)
 Metaspace       used 20350K, capacity 21154K, committed 21296K, reserved 1069056K
  class space    used 2056K, capacity 2381K, committed 2432K, reserved 1048576K
}
Event: 11.184 GC heap before
{Heap before GC invocations=11 (full 1):
 PSYoungGen      total 289792K, used 262144K [0x00000000d5d00000, 0x00000000f4500000, 0x0000000100000000)
  eden space 262144K, 100% used [0x00000000d5d00000,0x00000000e5d00000,0x00000000e5d00000)
  from space 27648K, 0% used [0x00000000e5d00000,0x00000000e5d00000,0x00000000e7800000)
  to   space 39936K, 0% used [0x00000000f1e00000,0x00000000f1e00000,0x00000000f4500000)
 ParOldGen       total 139776K, used 70844K [0x0000000081600000, 0x0000000089e80000, 0x00000000d5d00000)
  object space 139776K, 50% used [0x0000000081600000,0x0000000085b2f050,0x0000000089e80000)
 Metaspace       used 26622K, capacity 28074K, committed 28288K, reserved 1075200K
  class space    used 2588K, capacity 3108K, committed 3200K, reserved 1048576K
Event: 11.196 GC heap after
Heap after GC invocations=11 (full 1):
 PSYoungGen      total 343552K, used 7114K [0x00000000d5d00000, 0x00000000f2500000, 0x0000000100000000)
  eden space 336384K, 0% used [0x00000000d5d00000,0x00000000d5d00000,0x00000000ea580000)
  from space 7168K, 99% used [0x00000000f1e00000,0x00000000f24f2a10,0x00000000f2500000)
  to   space 38912K, 0% used [0x00000000ed900000,0x00000000ed900000,0x00000000eff00000)
 ParOldGen       total 139776K, used 70852K [0x0000000081600000, 0x0000000089e80000, 0x00000000d5d00000)
  object space 139776K, 50% used [0x0000000081600000,0x0000000085b31050,0x0000000089e80000)
 Metaspace       used 26622K, capacity 28074K, committed 28288K, reserved 1075200K
  class space    used 2588K, capacity 3108K, committed 3200K, reserved 1048576K
}
Event: 12.973 GC heap before
{Heap before GC invocations=12 (full 1):
 PSYoungGen      total 343552K, used 301249K [0x00000000d5d00000, 0x00000000f2500000, 0x0000000100000000)
  eden space 336384K, 87% used [0x00000000d5d00000,0x00000000e7c3dda0,0x00000000ea580000)
  from space 7168K, 99% used [0x00000000f1e00000,0x00000000f24f2a10,0x00000000f2500000)
  to   space 38912K, 0% used [0x00000000ed900000,0x00000000ed900000,0x00000000eff00000)
 ParOldGen       total 139776K, used 70852K [0x0000000081600000, 0x0000000089e80000, 0x00000000d5d00000)
  object space 139776K, 50% used [0x0000000081600000,0x0000000085b31050,0x0000000089e80000)
 Metaspace       used 33342K, capacity 35483K, committed 35496K, reserved 1081344K
  class space    used 3243K, capacity 3997K, committed 4008K, reserved 1048576K
Event: 12.997 GC heap after
Heap after GC invocations=12 (full 1):
 PSYoungGen      total 428032K, used 10853K [0x00000000d5d00000, 0x00000000f4400000, 0x0000000100000000)
  eden space 389120K, 0% used [0x00000000d5d00000,0x00000000d5d00000,0x00000000ed900000)
  from space 38912K, 27% used [0x00000000ed900000,0x00000000ee3997a8,0x00000000eff00000)
  to   space 37376K, 0% used [0x00000000f1f80000,0x00000000f1f80000,0x00000000f4400000)
 ParOldGen       total 139776K, used 70852K [0x0000000081600000, 0x0000000089e80000, 0x00000000d5d00000)
  object space 139776K, 50% used [0x0000000081600000,0x0000000085b31050,0x0000000089e80000)
 Metaspace       used 33342K, capacity 35483K, committed 35496K, reserved 1081344K
  class space    used 3243K, capacity 3997K, committed 4008K, reserved 1048576K
}
Event: 12.997 GC heap before
{Heap before GC invocations=13 (full 2):
 PSYoungGen      total 428032K, used 10853K [0x00000000d5d00000, 0x00000000f4400000, 0x0000000100000000)
  eden space 389120K, 0% used [0x00000000d5d00000,0x00000000d5d00000,0x00000000ed900000)
  from space 38912K, 27% used [0x00000000ed900000,0x00000000ee3997a8,0x00000000eff00000)
  to   space 37376K, 0% used [0x00000000f1f80000,0x00000000f1f80000,0x00000000f4400000)
 ParOldGen       total 139776K, used 70852K [0x0000000081600000, 0x0000000089e80000, 0x00000000d5d00000)
  object space 139776K, 50% used [0x0000000081600000,0x0000000085b31050,0x0000000089e80000)
 Metaspace       used 33342K, capacity 35483K, committed 35496K, reserved 1081344K
  class space    used 3243K, capacity 3997K, committed 4008K, reserved 1048576K
Event: 13.260 GC heap after
Heap after GC invocations=13 (full 2):
 PSYoungGen      total 428032K, used 0K [0x00000000d5d00000, 0x00000000f4400000, 0x0000000100000000)
  eden space 389120K, 0% used [0x00000000d5d00000,0x00000000d5d00000,0x00000000ed900000)
  from space 38912K, 0% used [0x00000000ed900000,0x00000000ed900000,0x00000000eff00000)
  to   space 37376K, 0% used [0x00000000f1f80000,0x00000000f1f80000,0x00000000f4400000)
 ParOldGen       total 139776K, used 76199K [0x0000000081600000, 0x0000000089e80000, 0x00000000d5d00000)
  object space 139776K, 54% used [0x0000000081600000,0x0000000086069dc0,0x0000000089e80000)
 Metaspace       used 33342K, capacity 35483K, committed 35496K, reserved 1081344K
  class space    used 3243K, capacity 3997K, committed 4008K, reserved 1048576K
}
Event: 16.498 GC heap before
{Heap before GC invocations=14 (full 2):
 PSYoungGen      total 428032K, used 389120K [0x00000000d5d00000, 0x00000000f4400000, 0x0000000100000000)
  eden space 389120K, 100% used [0x00000000d5d00000,0x00000000ed900000,0x00000000ed900000)
  from space 38912K, 0% used [0x00000000ed900000,0x00000000ed900000,0x00000000eff00000)
  to   space 37376K, 0% used [0x00000000f1f80000,0x00000000f1f80000,0x00000000f4400000)
 ParOldGen       total 139776K, used 76199K [0x0000000081600000, 0x0000000089e80000, 0x00000000d5d00000)
  object space 139776K, 54% used [0x0000000081600000,0x0000000086069dc0,0x0000000089e80000)
 Metaspace       used 45281K, capacity 49468K, committed 49704K, reserved 1093632K
  class space    used 4969K, capacity 6387K, committed 6440K, reserved 1048576K
Event: 16.523 GC heap after
Heap after GC invocations=14 (full 2):
 PSYoungGen      total 426496K, used 14089K [0x00000000d5d00000, 0x00000000f4400000, 0x0000000100000000)
  eden space 389120K, 0% used [0x00000000d5d00000,0x00000000d5d00000,0x00000000ed900000)
  from space 37376K, 37% used [0x00000000f1f80000,0x00000000f2d42570,0x00000000f4400000)
  to   space 38912K, 0% used [0x00000000ed900000,0x00000000ed900000,0x00000000eff00000)
 ParOldGen       total 139776K, used 76207K [0x0000000081600000, 0x0000000089e80000, 0x00000000d5d00000)
  object space 139776K, 54% used [0x0000000081600000,0x000000008606bdc0,0x0000000089e80000)
 Metaspace       used 45281K, capacity 49468K, committed 49704K, reserved 1093632K
  class space    used 4969K, capacity 6387K, committed 6440K, reserved 1048576K
}

