# JRE version: OpenJDK Runtime Environment (8.0_152-b01) (build 1.8.0_152-release-1248-b01)
# Java VM: OpenJDK 64-Bit Server VM (25.152-b01 mixed mode windows-amd64 compressed oops)
Heap:
 PSYoungGen      total 427008K, used 352014K [0x00000000d5d00000, 0x00000000f2c00000, 0x0000000100000000)
  eden space 388608K, 90% used [0x00000000d5d00000,0x00000000eb4c3888,0x00000000ed880000)
  from space 38400K, 0% used [0x00000000ed880000,0x00000000ed880000,0x00000000efe00000)
  to   space 36864K, 0% used [0x00000000f0800000,0x00000000f0800000,0x00000000f2c00000)
 ParOldGen       total 140288K, used 76244K [0x0000000081600000, 0x0000000089f00000, 0x00000000d5d00000)
  object space 140288K, 54% used [0x0000000081600000,0x0000000086075080,0x0000000089f00000)
 Metaspace       used 43801K, capacity 47663K, committed 47912K, reserved 1091584K
  class space    used 4811K, capacity 6123K, committed 6184K, reserved 1048576K
GC Heap History (10 events):
Event: 8.438 GC heap before
{Heap before GC invocations=9 (full 0):
 PSYoungGen      total 284160K, used 257915K [0x00000000d5d00000, 0x00000000e9600000, 0x0000000100000000)
  eden space 261632K, 89% used [0x00000000d5d00000,0x00000000e42dec48,0x00000000e5c80000)
  from space 22528K, 100% used [0x00000000e7700000,0x00000000e8d00000,0x00000000e8d00000)
  to   space 27136K, 0% used [0x00000000e5c80000,0x00000000e5c80000,0x00000000e7700000)
 ParOldGen       total 87552K, used 33713K [0x0000000081600000, 0x0000000086b80000, 0x00000000d5d00000)
  object space 87552K, 38% used [0x0000000081600000,0x00000000836ec400,0x0000000086b80000)
 Metaspace       used 20356K, capacity 21154K, committed 21296K, reserved 1069056K
  class space    used 2055K, capacity 2381K, committed 2432K, reserved 1048576K
Event: 8.516 GC heap after
Heap after GC invocations=9 (full 0):
 PSYoungGen      total 288768K, used 27120K [0x00000000d5d00000, 0x00000000f4300000, 0x0000000100000000)
  eden space 261632K, 0% used [0x00000000d5d00000,0x00000000d5d00000,0x00000000e5c80000)
  from space 27136K, 99% used [0x00000000e5c80000,0x00000000e76fc030,0x00000000e7700000)
  to   space 39424K, 0% used [0x00000000f1c80000,0x00000000f1c80000,0x00000000f4300000)
 ParOldGen       total 87552K, used 52667K [0x0000000081600000, 0x0000000086b80000, 0x00000000d5d00000)
  object space 87552K, 60% used [0x0000000081600000,0x000000008496eef8,0x0000000086b80000)
 Metaspace       used 20356K, capacity 21154K, committed 21296K, reserved 1069056K
  class space    used 2055K, capacity 2381K, committed 2432K, reserved 1048576K
}
Event: 8.516 GC heap before
{Heap before GC invocations=10 (full 1):
 PSYoungGen      total 288768K, used 27120K [0x00000000d5d00000, 0x00000000f4300000, 0x0000000100000000)
  eden space 261632K, 0% used [0x00000000d5d00000,0x00000000d5d00000,0x00000000e5c80000)
  from space 27136K, 99% used [0x00000000e5c80000,0x00000000e76fc030,0x00000000e7700000)
  to   space 39424K, 0% used [0x00000000f1c80000,0x00000000f1c80000,0x00000000f4300000)
 ParOldGen       total 87552K, used 52667K [0x0000000081600000, 0x0000000086b80000, 0x00000000d5d00000)
  object space 87552K, 60% used [0x0000000081600000,0x000000008496eef8,0x0000000086b80000)
 Metaspace       used 20356K, capacity 21154K, committed 21296K, reserved 1069056K
  class space    used 2055K, capacity 2381K, committed 2432K, reserved 1048576K
Event: 8.892 GC heap after
Heap after GC invocations=10 (full 1):
 PSYoungGen      total 288768K, used 0K [0x00000000d5d00000, 0x00000000f4300000, 0x0000000100000000)
  eden space 261632K, 0% used [0x00000000d5d00000,0x00000000d5d00000,0x00000000e5c80000)
  from space 27136K, 0% used [0x00000000e5c80000,0x00000000e5c80000,0x00000000e7700000)
  to   space 39424K, 0% used [0x00000000f1c80000,0x00000000f1c80000,0x00000000f4300000)
 ParOldGen       total 140288K, used 70955K [0x0000000081600000, 0x0000000089f00000, 0x00000000d5d00000)
  object space 140288K, 50% used [0x0000000081600000,0x0000000085b4af30,0x0000000089f00000)
 Metaspace       used 20356K, capacity 21154K, committed 21296K, reserved 1069056K
  class space    used 2055K, capacity 2381K, committed 2432K, reserved 1048576K
}
Event: 10.430 GC heap before
{Heap before GC invocations=11 (full 1):
 PSYoungGen      total 288768K, used 261632K [0x00000000d5d00000, 0x00000000f4300000, 0x0000000100000000)
  eden space 261632K, 100% used [0x00000000d5d00000,0x00000000e5c80000,0x00000000e5c80000)
  from space 27136K, 0% used [0x00000000e5c80000,0x00000000e5c80000,0x00000000e7700000)
  to   space 39424K, 0% used [0x00000000f1c80000,0x00000000f1c80000,0x00000000f4300000)
 ParOldGen       total 140288K, used 70955K [0x0000000081600000, 0x0000000089f00000, 0x00000000d5d00000)
  object space 140288K, 50% used [0x0000000081600000,0x0000000085b4af30,0x0000000089f00000)
 Metaspace       used 26600K, capacity 28010K, committed 28288K, reserved 1075200K
  class space    used 2588K, capacity 3108K, committed 3200K, reserved 1048576K
Event: 10.440 GC heap after
Heap after GC invocations=11 (full 1):
 PSYoungGen      total 333312K, used 7148K [0x00000000d5d00000, 0x00000000f2380000, 0x0000000100000000)
  eden space 326144K, 0% used [0x00000000d5d00000,0x00000000d5d00000,0x00000000e9b80000)
  from space 7168K, 99% used [0x00000000f1c80000,0x00000000f237b170,0x00000000f2380000)
  to   space 38400K, 0% used [0x00000000ed880000,0x00000000ed880000,0x00000000efe00000)
 ParOldGen       total 140288K, used 70963K [0x0000000081600000, 0x0000000089f00000, 0x00000000d5d00000)
  object space 140288K, 50% used [0x0000000081600000,0x0000000085b4cf30,0x0000000089f00000)
 Metaspace       used 26600K, capacity 28010K, committed 28288K, reserved 1075200K
  class space    used 2588K, capacity 3108K, committed 3200K, reserved 1048576K
}
Event: 12.046 GC heap before
{Heap before GC invocations=12 (full 1):
 PSYoungGen      total 333312K, used 290158K [0x00000000d5d00000, 0x00000000f2380000, 0x0000000100000000)
  eden space 326144K, 86% used [0x00000000d5d00000,0x00000000e71609d0,0x00000000e9b80000)
  from space 7168K, 99% used [0x00000000f1c80000,0x00000000f237b170,0x00000000f2380000)
  to   space 38400K, 0% used [0x00000000ed880000,0x00000000ed880000,0x00000000efe00000)
 ParOldGen       total 140288K, used 70963K [0x0000000081600000, 0x0000000089f00000, 0x00000000d5d00000)
  object space 140288K, 50% used [0x0000000081600000,0x0000000085b4cf30,0x0000000089f00000)
 Metaspace       used 33347K, capacity 35446K, committed 35496K, reserved 1081344K
  class space    used 3251K, capacity 4008K, committed 4008K, reserved 1048576K
Event: 12.071 GC heap after
Heap after GC invocations=12 (full 1):
 PSYoungGen      total 427008K, used 10793K [0x00000000d5d00000, 0x00000000f2c00000, 0x0000000100000000)
  eden space 388608K, 0% used [0x00000000d5d00000,0x00000000d5d00000,0x00000000ed880000)
  from space 38400K, 28% used [0x00000000ed880000,0x00000000ee30a6e0,0x00000000efe00000)
  to   space 36864K, 0% used [0x00000000f0800000,0x00000000f0800000,0x00000000f2c00000)
 ParOldGen       total 140288K, used 70971K [0x0000000081600000, 0x0000000089f00000, 0x00000000d5d00000)
  object space 140288K, 50% used [0x0000000081600000,0x0000000085b4ef30,0x0000000089f00000)
 Metaspace       used 33347K, capacity 35446K, committed 35496K, reserved 1081344K
  class space    used 3251K, capacity 4008K, committed 4008K, reserved 1048576K
}
Event: 12.071 GC heap before
{Heap before GC invocations=13 (full 2):
 PSYoungGen      total 427008K, used 10793K [0x00000000d5d00000, 0x00000000f2c00000, 0x0000000100000000)
  eden space 388608K, 0% used [0x00000000d5d00000,0x00000000d5d00000,0x00000000ed880000)
  from space 38400K, 28% used [0x00000000ed880000,0x00000000ee30a6e0,0x00000000efe00000)
  to   space 36864K, 0% used [0x00000000f0800000,0x00000000f0800000,0x00000000f2c00000)
 ParOldGen       total 140288K, used 70971K [0x0000000081600000, 0x0000000089f00000, 0x00000000d5d00000)
  object space 140288K, 50% used [0x0000000081600000,0x0000000085b4ef30,0x0000000089f00000)
 Metaspace       used 33347K, capacity 35446K, committed 35496K, reserved 1081344K
  class space    used 3251K, capacity 4008K, committed 4008K, reserved 1048576K
Event: 12.341 GC heap after
Heap after GC invocations=13 (full 2):
 PSYoungGen      total 427008K, used 0K [0x00000000d5d00000, 0x00000000f2c00000, 0x0000000100000000)
  eden space 388608K, 0% used [0x00000000d5d00000,0x00000000d5d00000,0x00000000ed880000)
  from space 38400K, 0% used [0x00000000ed880000,0x00000000ed880000,0x00000000efe00000)
  to   space 36864K, 0% used [0x00000000f0800000,0x00000000f0800000,0x00000000f2c00000)
 ParOldGen       total 140288K, used 76244K [0x0000000081600000, 0x0000000089f00000, 0x00000000d5d00000)
  object space 140288K, 54% used [0x0000000081600000,0x0000000086075080,0x0000000089f00000)
 Metaspace       used 33347K, capacity 35446K, committed 35496K, reserved 1081344K
  class space    used 3251K, capacity 4008K, committed 4008K, reserved 1048576K
}

