# JRE version: OpenJDK Runtime Environment (8.0_152-b01) (build 1.8.0_152-release-1248-b01)
# Java VM: OpenJDK 64-Bit Server VM (25.152-b01 mixed mode windows-amd64 compressed oops)
Heap:
 PSYoungGen      total 196096K, used 120515K [0x00000000d5d00000, 0x00000000e4f00000, 0x0000000100000000)
  eden space 170496K, 63% used [0x00000000d5d00000,0x00000000dc642e30,0x00000000e0380000)
  from space 25600K, 49% used [0x00000000e2400000,0x00000000e306e158,0x00000000e3d00000)
  to   space 33280K, 0% used [0x00000000e0380000,0x00000000e0380000,0x00000000e2400000)
 ParOldGen       total 54272K, used 53787K [0x0000000081600000, 0x0000000084b00000, 0x00000000d5d00000)
  object space 54272K, 99% used [0x0000000081600000,0x0000000084a86e98,0x0000000084b00000)
 Metaspace       used 26585K, capacity 27852K, committed 28032K, reserved 1073152K
  class space    used 2880K, capacity 3332K, committed 3456K, reserved 1048576K
GC Heap History (10 events):
Event: 15.468 GC heap before
{Heap before GC invocations=8 (full 1):
 PSYoungGen      total 142336K, used 132608K [0x00000000d5d00000, 0x00000000df300000, 0x0000000100000000)
  eden space 132608K, 100% used [0x00000000d5d00000,0x00000000dde80000,0x00000000dde80000)
  from space 9728K, 0% used [0x00000000de880000,0x00000000de880000,0x00000000df200000)
  to   space 10240K, 0% used [0x00000000dde80000,0x00000000dde80000,0x00000000de880000)
 ParOldGen       total 54272K, used 11221K [0x0000000081600000, 0x0000000084b00000, 0x00000000d5d00000)
  object space 54272K, 20% used [0x0000000081600000,0x00000000820f5738,0x0000000084b00000)
 Metaspace       used 23257K, capacity 24120K, committed 24320K, reserved 1071104K
  class space    used 2608K, capacity 2954K, committed 3072K, reserved 1048576K
Event: 15.516 GC heap after
Heap after GC invocations=8 (full 1):
 PSYoungGen      total 142848K, used 10208K [0x00000000d5d00000, 0x00000000df300000, 0x0000000100000000)
  eden space 132608K, 0% used [0x00000000d5d00000,0x00000000d5d00000,0x00000000dde80000)
  from space 10240K, 99% used [0x00000000dde80000,0x00000000de878020,0x00000000de880000)
  to   space 9728K, 0% used [0x00000000de880000,0x00000000de880000,0x00000000df200000)
 ParOldGen       total 54272K, used 20851K [0x0000000081600000, 0x0000000084b00000, 0x00000000d5d00000)
  object space 54272K, 38% used [0x0000000081600000,0x0000000082a5cc10,0x0000000084b00000)
 Metaspace       used 23257K, capacity 24120K, committed 24320K, reserved 1071104K
  class space    used 2608K, capacity 2954K, committed 3072K, reserved 1048576K
}
Event: 18.082 GC heap before
{Heap before GC invocations=9 (full 1):
 PSYoungGen      total 142848K, used 142816K [0x00000000d5d00000, 0x00000000df300000, 0x0000000100000000)
  eden space 132608K, 100% used [0x00000000d5d00000,0x00000000dde80000,0x00000000dde80000)
  from space 10240K, 99% used [0x00000000dde80000,0x00000000de878020,0x00000000de880000)
  to   space 9728K, 0% used [0x00000000de880000,0x00000000de880000,0x00000000df200000)
 ParOldGen       total 54272K, used 20851K [0x0000000081600000, 0x0000000084b00000, 0x00000000d5d00000)
  object space 54272K, 38% used [0x0000000081600000,0x0000000082a5cc10,0x0000000084b00000)
 Metaspace       used 23675K, capacity 24600K, committed 24832K, reserved 1071104K
  class space    used 2633K, capacity 2986K, committed 3072K, reserved 1048576K
Event: 18.131 GC heap after
Heap after GC invocations=9 (full 1):
 PSYoungGen      total 130560K, used 9712K [0x00000000d5d00000, 0x00000000e7100000, 0x0000000100000000)
  eden space 120832K, 0% used [0x00000000d5d00000,0x00000000d5d00000,0x00000000dd300000)
  from space 9728K, 99% used [0x00000000de880000,0x00000000df1fc020,0x00000000df200000)
  to   space 22016K, 0% used [0x00000000dd300000,0x00000000dd300000,0x00000000de880000)
 ParOldGen       total 54272K, used 36205K [0x0000000081600000, 0x0000000084b00000, 0x00000000d5d00000)
  object space 54272K, 66% used [0x0000000081600000,0x000000008395b560,0x0000000084b00000)
 Metaspace       used 23675K, capacity 24600K, committed 24832K, reserved 1071104K
  class space    used 2633K, capacity 2986K, committed 3072K, reserved 1048576K
}
Event: 19.470 GC heap before
{Heap before GC invocations=10 (full 1):
 PSYoungGen      total 130560K, used 130544K [0x00000000d5d00000, 0x00000000e7100000, 0x0000000100000000)
  eden space 120832K, 100% used [0x00000000d5d00000,0x00000000dd300000,0x00000000dd300000)
  from space 9728K, 99% used [0x00000000de880000,0x00000000df1fc020,0x00000000df200000)
  to   space 22016K, 0% used [0x00000000dd300000,0x00000000dd300000,0x00000000de880000)
 ParOldGen       total 54272K, used 36205K [0x0000000081600000, 0x0000000084b00000, 0x00000000d5d00000)
  object space 54272K, 66% used [0x0000000081600000,0x000000008395b560,0x0000000084b00000)
 Metaspace       used 23751K, capacity 24664K, committed 24832K, reserved 1071104K
  class space    used 2633K, capacity 2986K, committed 3072K, reserved 1048576K
Event: 19.520 GC heap after
Heap after GC invocations=10 (full 1):
 PSYoungGen      total 142848K, used 21984K [0x00000000d5d00000, 0x00000000e3d00000, 0x0000000100000000)
  eden space 120832K, 0% used [0x00000000d5d00000,0x00000000d5d00000,0x00000000dd300000)
  from space 22016K, 99% used [0x00000000dd300000,0x00000000de878010,0x00000000de880000)
  to   space 25600K, 0% used [0x00000000e2400000,0x00000000e2400000,0x00000000e3d00000)
 ParOldGen       total 54272K, used 36293K [0x0000000081600000, 0x0000000084b00000, 0x00000000d5d00000)
  object space 54272K, 66% used [0x0000000081600000,0x0000000083971560,0x0000000084b00000)
 Metaspace       used 23751K, capacity 24664K, committed 24832K, reserved 1071104K
  class space    used 2633K, capacity 2986K, committed 3072K, reserved 1048576K
}
Event: 20.479 GC heap before
{Heap before GC invocations=11 (full 1):
 PSYoungGen      total 142848K, used 142816K [0x00000000d5d00000, 0x00000000e3d00000, 0x0000000100000000)
  eden space 120832K, 100% used [0x00000000d5d00000,0x00000000dd300000,0x00000000dd300000)
  from space 22016K, 99% used [0x00000000dd300000,0x00000000de878010,0x00000000de880000)
  to   space 25600K, 0% used [0x00000000e2400000,0x00000000e2400000,0x00000000e3d00000)
 ParOldGen       total 54272K, used 36293K [0x0000000081600000, 0x0000000084b00000, 0x00000000d5d00000)
  object space 54272K, 66% used [0x0000000081600000,0x0000000083971560,0x0000000084b00000)
 Metaspace       used 23920K, capacity 24846K, committed 25088K, reserved 1071104K
  class space    used 2649K, capacity 3023K, committed 3072K, reserved 1048576K
Event: 20.589 GC heap after
Heap after GC invocations=11 (full 1):
 PSYoungGen      total 196096K, used 25568K [0x00000000d5d00000, 0x00000000e4f00000, 0x0000000100000000)
  eden space 170496K, 0% used [0x00000000d5d00000,0x00000000d5d00000,0x00000000e0380000)
  from space 25600K, 99% used [0x00000000e2400000,0x00000000e3cf8020,0x00000000e3d00000)
  to   space 33280K, 0% used [0x00000000e0380000,0x00000000e0380000,0x00000000e2400000)
 ParOldGen       total 54272K, used 47349K [0x0000000081600000, 0x0000000084b00000, 0x00000000d5d00000)
  object space 54272K, 87% used [0x0000000081600000,0x000000008443d610,0x0000000084b00000)
 Metaspace       used 23920K, capacity 24846K, committed 25088K, reserved 1071104K
  class space    used 2649K, capacity 3023K, committed 3072K, reserved 1048576K
}
Event: 20.590 GC heap before
{Heap before GC invocations=12 (full 2):
 PSYoungGen      total 196096K, used 25568K [0x00000000d5d00000, 0x00000000e4f00000, 0x0000000100000000)
  eden space 170496K, 0% used [0x00000000d5d00000,0x00000000d5d00000,0x00000000e0380000)
  from space 25600K, 99% used [0x00000000e2400000,0x00000000e3cf8020,0x00000000e3d00000)
  to   space 33280K, 0% used [0x00000000e0380000,0x00000000e0380000,0x00000000e2400000)
 ParOldGen       total 54272K, used 47349K [0x0000000081600000, 0x0000000084b00000, 0x00000000d5d00000)
  object space 54272K, 87% used [0x0000000081600000,0x000000008443d610,0x0000000084b00000)
 Metaspace       used 23920K, capacity 24846K, committed 25088K, reserved 1071104K
  class space    used 2649K, capacity 3023K, committed 3072K, reserved 1048576K
Event: 21.190 GC heap after
Heap after GC invocations=12 (full 2):
 PSYoungGen      total 196096K, used 12728K [0x00000000d5d00000, 0x00000000e4f00000, 0x0000000100000000)
  eden space 170496K, 0% used [0x00000000d5d00000,0x00000000d5d00000,0x00000000e0380000)
  from space 25600K, 49% used [0x00000000e2400000,0x00000000e306e158,0x00000000e3d00000)
  to   space 33280K, 0% used [0x00000000e0380000,0x00000000e0380000,0x00000000e2400000)
 ParOldGen       total 54272K, used 53787K [0x0000000081600000, 0x0000000084b00000, 0x00000000d5d00000)
  object space 54272K, 99% used [0x0000000081600000,0x0000000084a86e98,0x0000000084b00000)
 Metaspace       used 23920K, capacity 24846K, committed 25088K, reserved 1071104K
  class space    used 2649K, capacity 3023K, committed 3072K, reserved 1048576K
}

