# JRE version: OpenJDK Runtime Environment (8.0_152-b01) (build 1.8.0_152-release-1248-b01)
# Java VM: OpenJDK 64-Bit Server VM (25.152-b01 mixed mode windows-amd64 compressed oops)
Heap:
 PSYoungGen      total 428032K, used 343482K [0x00000000d5d00000, 0x00000000f3c00000, 0x0000000100000000)
  eden space 390144K, 88% used [0x00000000d5d00000,0x00000000eac6e818,0x00000000eda00000)
  from space 37888K, 0% used [0x00000000eda00000,0x00000000eda00000,0x00000000eff00000)
  to   space 36352K, 0% used [0x00000000f1880000,0x00000000f1880000,0x00000000f3c00000)
 ParOldGen       total 137728K, used 76287K [0x0000000081600000, 0x0000000089c80000, 0x00000000d5d00000)
  object space 137728K, 55% used [0x0000000081600000,0x000000008607fd98,0x0000000089c80000)
 Metaspace       used 43345K, capacity 47235K, committed 47400K, reserved 1091584K
  class space    used 4751K, capacity 6087K, committed 6184K, reserved 1048576K
GC Heap History (10 events):
Event: 12.725 GC heap before
{Heap before GC invocations=9 (full 0):
 PSYoungGen      total 285184K, used 257340K [0x00000000d5d00000, 0x00000000e9600000, 0x0000000100000000)
  eden space 262144K, 89% used [0x00000000d5d00000,0x00000000e4217268,0x00000000e5d00000)
  from space 23040K, 98% used [0x00000000e7780000,0x00000000e8db8000,0x00000000e8e00000)
  to   space 27136K, 0% used [0x00000000e5d00000,0x00000000e5d00000,0x00000000e7780000)
 ParOldGen       total 87552K, used 34060K [0x0000000081600000, 0x0000000086b80000, 0x00000000d5d00000)
  object space 87552K, 38% used [0x0000000081600000,0x00000000837432f8,0x0000000086b80000)
 Metaspace       used 20346K, capacity 21154K, committed 21296K, reserved 1069056K
  class space    used 2056K, capacity 2381K, committed 2432K, reserved 1048576K
Event: 12.810 GC heap after
Heap after GC invocations=9 (full 0):
 PSYoungGen      total 289280K, used 27104K [0x00000000d5d00000, 0x00000000f4300000, 0x0000000100000000)
  eden space 262144K, 0% used [0x00000000d5d00000,0x00000000d5d00000,0x00000000e5d00000)
  from space 27136K, 99% used [0x00000000e5d00000,0x00000000e7778040,0x00000000e7780000)
  to   space 38912K, 0% used [0x00000000f1d00000,0x00000000f1d00000,0x00000000f4300000)
 ParOldGen       total 87552K, used 52453K [0x0000000081600000, 0x0000000086b80000, 0x00000000d5d00000)
  object space 87552K, 59% used [0x0000000081600000,0x0000000084939558,0x0000000086b80000)
 Metaspace       used 20346K, capacity 21154K, committed 21296K, reserved 1069056K
  class space    used 2056K, capacity 2381K, committed 2432K, reserved 1048576K
}
Event: 12.810 GC heap before
{Heap before GC invocations=10 (full 1):
 PSYoungGen      total 289280K, used 27104K [0x00000000d5d00000, 0x00000000f4300000, 0x0000000100000000)
  eden space 262144K, 0% used [0x00000000d5d00000,0x00000000d5d00000,0x00000000e5d00000)
  from space 27136K, 99% used [0x00000000e5d00000,0x00000000e7778040,0x00000000e7780000)
  to   space 38912K, 0% used [0x00000000f1d00000,0x00000000f1d00000,0x00000000f4300000)
 ParOldGen       total 87552K, used 52453K [0x0000000081600000, 0x0000000086b80000, 0x00000000d5d00000)
  object space 87552K, 59% used [0x0000000081600000,0x0000000084939558,0x0000000086b80000)
 Metaspace       used 20346K, capacity 21154K, committed 21296K, reserved 1069056K
  class space    used 2056K, capacity 2381K, committed 2432K, reserved 1048576K
Event: 13.102 GC heap after
Heap after GC invocations=10 (full 1):
 PSYoungGen      total 289280K, used 0K [0x00000000d5d00000, 0x00000000f4300000, 0x0000000100000000)
  eden space 262144K, 0% used [0x00000000d5d00000,0x00000000d5d00000,0x00000000e5d00000)
  from space 27136K, 0% used [0x00000000e5d00000,0x00000000e5d00000,0x00000000e7780000)
  to   space 38912K, 0% used [0x00000000f1d00000,0x00000000f1d00000,0x00000000f4300000)
 ParOldGen       total 137728K, used 69144K [0x0000000081600000, 0x0000000089c80000, 0x00000000d5d00000)
  object space 137728K, 50% used [0x0000000081600000,0x0000000085986108,0x0000000089c80000)
 Metaspace       used 20346K, capacity 21154K, committed 21296K, reserved 1069056K
  class space    used 2056K, capacity 2381K, committed 2432K, reserved 1048576K
}
Event: 14.574 GC heap before
{Heap before GC invocations=11 (full 1):
 PSYoungGen      total 289280K, used 262144K [0x00000000d5d00000, 0x00000000f4300000, 0x0000000100000000)
  eden space 262144K, 100% used [0x00000000d5d00000,0x00000000e5d00000,0x00000000e5d00000)
  from space 27136K, 0% used [0x00000000e5d00000,0x00000000e5d00000,0x00000000e7780000)
  to   space 38912K, 0% used [0x00000000f1d00000,0x00000000f1d00000,0x00000000f4300000)
 ParOldGen       total 137728K, used 69144K [0x0000000081600000, 0x0000000089c80000, 0x00000000d5d00000)
  object space 137728K, 50% used [0x0000000081600000,0x0000000085986108,0x0000000089c80000)
 Metaspace       used 26495K, capacity 27914K, committed 28288K, reserved 1075200K
  class space    used 2580K, capacity 3076K, committed 3200K, reserved 1048576K
Event: 14.585 GC heap after
Heap after GC invocations=11 (full 1):
 PSYoungGen      total 341504K, used 6743K [0x00000000d5d00000, 0x00000000f2400000, 0x0000000100000000)
  eden space 334336K, 0% used [0x00000000d5d00000,0x00000000d5d00000,0x00000000ea380000)
  from space 7168K, 94% used [0x00000000f1d00000,0x00000000f2395ec8,0x00000000f2400000)
  to   space 37888K, 0% used [0x00000000eda00000,0x00000000eda00000,0x00000000eff00000)
 ParOldGen       total 137728K, used 69152K [0x0000000081600000, 0x0000000089c80000, 0x00000000d5d00000)
  object space 137728K, 50% used [0x0000000081600000,0x0000000085988108,0x0000000089c80000)
 Metaspace       used 26495K, capacity 27914K, committed 28288K, reserved 1075200K
  class space    used 2580K, capacity 3076K, committed 3200K, reserved 1048576K
}
Event: 16.304 GC heap before
{Heap before GC invocations=12 (full 1):
 PSYoungGen      total 341504K, used 293380K [0x00000000d5d00000, 0x00000000f2400000, 0x0000000100000000)
  eden space 334336K, 85% used [0x00000000d5d00000,0x00000000e74eb220,0x00000000ea380000)
  from space 7168K, 94% used [0x00000000f1d00000,0x00000000f2395ec8,0x00000000f2400000)
  to   space 37888K, 0% used [0x00000000eda00000,0x00000000eda00000,0x00000000eff00000)
 ParOldGen       total 137728K, used 69152K [0x0000000081600000, 0x0000000089c80000, 0x00000000d5d00000)
  object space 137728K, 50% used [0x0000000081600000,0x0000000085988108,0x0000000089c80000)
 Metaspace       used 33343K, capacity 35450K, committed 35496K, reserved 1081344K
  class space    used 3247K, capacity 4008K, committed 4008K, reserved 1048576K
Event: 16.324 GC heap after
Heap after GC invocations=12 (full 1):
 PSYoungGen      total 428032K, used 10955K [0x00000000d5d00000, 0x00000000f3c00000, 0x0000000100000000)
  eden space 390144K, 0% used [0x00000000d5d00000,0x00000000d5d00000,0x00000000eda00000)
  from space 37888K, 28% used [0x00000000eda00000,0x00000000ee4b2c30,0x00000000eff00000)
  to   space 36352K, 0% used [0x00000000f1880000,0x00000000f1880000,0x00000000f3c00000)
 ParOldGen       total 137728K, used 69160K [0x0000000081600000, 0x0000000089c80000, 0x00000000d5d00000)
  object space 137728K, 50% used [0x0000000081600000,0x000000008598a108,0x0000000089c80000)
 Metaspace       used 33343K, capacity 35450K, committed 35496K, reserved 1081344K
  class space    used 3247K, capacity 4008K, committed 4008K, reserved 1048576K
}
Event: 16.324 GC heap before
{Heap before GC invocations=13 (full 2):
 PSYoungGen      total 428032K, used 10955K [0x00000000d5d00000, 0x00000000f3c00000, 0x0000000100000000)
  eden space 390144K, 0% used [0x00000000d5d00000,0x00000000d5d00000,0x00000000eda00000)
  from space 37888K, 28% used [0x00000000eda00000,0x00000000ee4b2c30,0x00000000eff00000)
  to   space 36352K, 0% used [0x00000000f1880000,0x00000000f1880000,0x00000000f3c00000)
 ParOldGen       total 137728K, used 69160K [0x0000000081600000, 0x0000000089c80000, 0x00000000d5d00000)
  object space 137728K, 50% used [0x0000000081600000,0x000000008598a108,0x0000000089c80000)
 Metaspace       used 33343K, capacity 35450K, committed 35496K, reserved 1081344K
  class space    used 3247K, capacity 4008K, committed 4008K, reserved 1048576K
Event: 16.598 GC heap after
Heap after GC invocations=13 (full 2):
 PSYoungGen      total 428032K, used 0K [0x00000000d5d00000, 0x00000000f3c00000, 0x0000000100000000)
  eden space 390144K, 0% used [0x00000000d5d00000,0x00000000d5d00000,0x00000000eda00000)
  from space 37888K, 0% used [0x00000000eda00000,0x00000000eda00000,0x00000000eff00000)
  to   space 36352K, 0% used [0x00000000f1880000,0x00000000f1880000,0x00000000f3c00000)
 ParOldGen       total 137728K, used 76287K [0x0000000081600000, 0x0000000089c80000, 0x00000000d5d00000)
  object space 137728K, 55% used [0x0000000081600000,0x000000008607fd98,0x0000000089c80000)
 Metaspace       used 33343K, capacity 35450K, committed 35496K, reserved 1081344K
  class space    used 3247K, capacity 4008K, committed 4008K, reserved 1048576K
}

