# JRE version: OpenJDK Runtime Environment (8.0_152-b01) (build 1.8.0_152-release-1248-b01)
# Java VM: OpenJDK 64-Bit Server VM (25.152-b01 mixed mode windows-amd64 compressed oops)
Heap:
 PSYoungGen      total 427008K, used 353666K [0x00000000d5d00000, 0x00000000f2c80000, 0x0000000100000000)
  eden space 389120K, 90% used [0x00000000d5d00000,0x00000000eb6609b8,0x00000000ed900000)
  from space 37888K, 0% used [0x00000000ed900000,0x00000000ed900000,0x00000000efe00000)
  to   space 36352K, 0% used [0x00000000f0900000,0x00000000f0900000,0x00000000f2c80000)
 ParOldGen       total 181248K, used 76484K [0x0000000081600000, 0x000000008c700000, 0x00000000d5d00000)
  object space 181248K, 42% used [0x0000000081600000,0x00000000860b1238,0x000000008c700000)
 Metaspace       used 43647K, capacity 47539K, committed 47656K, reserved 1091584K
  class space    used 4790K, capacity 6123K, committed 6184K, reserved 1048576K
GC Heap History (10 events):
Event: 9.922 GC heap before
{Heap before GC invocations=9 (full 0):
 PSYoungGen      total 283648K, used 257140K [0x00000000d5d00000, 0x00000000e9500000, 0x0000000100000000)
  eden space 261632K, 89% used [0x00000000d5d00000,0x00000000e42a4cc0,0x00000000e5c80000)
  from space 22016K, 99% used [0x00000000e7680000,0x00000000e8bf8518,0x00000000e8c00000)
  to   space 26624K, 0% used [0x00000000e5c80000,0x00000000e5c80000,0x00000000e7680000)
 ParOldGen       total 87552K, used 33109K [0x0000000081600000, 0x0000000086b80000, 0x00000000d5d00000)
  object space 87552K, 37% used [0x0000000081600000,0x0000000083655420,0x0000000086b80000)
 Metaspace       used 20339K, capacity 21150K, committed 21296K, reserved 1069056K
  class space    used 2054K, capacity 2381K, committed 2432K, reserved 1048576K
Event: 9.996 GC heap after
Heap after GC invocations=9 (full 0):
 PSYoungGen      total 288256K, used 26608K [0x00000000d5d00000, 0x00000000f4200000, 0x0000000100000000)
  eden space 261632K, 0% used [0x00000000d5d00000,0x00000000d5d00000,0x00000000e5c80000)
  from space 26624K, 99% used [0x00000000e5c80000,0x00000000e767c030,0x00000000e7680000)
  to   space 38912K, 0% used [0x00000000f1c00000,0x00000000f1c00000,0x00000000f4200000)
 ParOldGen       total 87552K, used 52182K [0x0000000081600000, 0x0000000086b80000, 0x00000000d5d00000)
  object space 87552K, 59% used [0x0000000081600000,0x00000000848f5b88,0x0000000086b80000)
 Metaspace       used 20339K, capacity 21150K, committed 21296K, reserved 1069056K
  class space    used 2054K, capacity 2381K, committed 2432K, reserved 1048576K
}
Event: 9.996 GC heap before
{Heap before GC invocations=10 (full 1):
 PSYoungGen      total 288256K, used 26608K [0x00000000d5d00000, 0x00000000f4200000, 0x0000000100000000)
  eden space 261632K, 0% used [0x00000000d5d00000,0x00000000d5d00000,0x00000000e5c80000)
  from space 26624K, 99% used [0x00000000e5c80000,0x00000000e767c030,0x00000000e7680000)
  to   space 38912K, 0% used [0x00000000f1c00000,0x00000000f1c00000,0x00000000f4200000)
 ParOldGen       total 87552K, used 52182K [0x0000000081600000, 0x0000000086b80000, 0x00000000d5d00000)
  object space 87552K, 59% used [0x0000000081600000,0x00000000848f5b88,0x0000000086b80000)
 Metaspace       used 20339K, capacity 21150K, committed 21296K, reserved 1069056K
  class space    used 2054K, capacity 2381K, committed 2432K, reserved 1048576K
Event: 10.329 GC heap after
Heap after GC invocations=10 (full 1):
 PSYoungGen      total 288256K, used 0K [0x00000000d5d00000, 0x00000000f4200000, 0x0000000100000000)
  eden space 261632K, 0% used [0x00000000d5d00000,0x00000000d5d00000,0x00000000e5c80000)
  from space 26624K, 0% used [0x00000000e5c80000,0x00000000e5c80000,0x00000000e7680000)
  to   space 38912K, 0% used [0x00000000f1c00000,0x00000000f1c00000,0x00000000f4200000)
 ParOldGen       total 137728K, used 68061K [0x0000000081600000, 0x0000000089c80000, 0x00000000d5d00000)
  object space 137728K, 49% used [0x0000000081600000,0x00000000858774d0,0x0000000089c80000)
 Metaspace       used 20339K, capacity 21150K, committed 21296K, reserved 1069056K
  class space    used 2054K, capacity 2381K, committed 2432K, reserved 1048576K
}
Event: 12.110 GC heap before
{Heap before GC invocations=11 (full 1):
 PSYoungGen      total 288256K, used 261632K [0x00000000d5d00000, 0x00000000f4200000, 0x0000000100000000)
  eden space 261632K, 100% used [0x00000000d5d00000,0x00000000e5c80000,0x00000000e5c80000)
  from space 26624K, 0% used [0x00000000e5c80000,0x00000000e5c80000,0x00000000e7680000)
  to   space 38912K, 0% used [0x00000000f1c00000,0x00000000f1c00000,0x00000000f4200000)
 ParOldGen       total 137728K, used 68061K [0x0000000081600000, 0x0000000089c80000, 0x00000000d5d00000)
  object space 137728K, 49% used [0x0000000081600000,0x00000000858774d0,0x0000000089c80000)
 Metaspace       used 26465K, capacity 27910K, committed 28288K, reserved 1075200K
  class space    used 2577K, capacity 3076K, committed 3200K, reserved 1048576K
Event: 12.124 GC heap after
Heap after GC invocations=11 (full 1):
 PSYoungGen      total 334336K, used 7024K [0x00000000d5d00000, 0x00000000f2300000, 0x0000000100000000)
  eden space 327168K, 0% used [0x00000000d5d00000,0x00000000d5d00000,0x00000000e9c80000)
  from space 7168K, 97% used [0x00000000f1c00000,0x00000000f22dc190,0x00000000f2300000)
  to   space 37888K, 0% used [0x00000000ed900000,0x00000000ed900000,0x00000000efe00000)
 ParOldGen       total 137728K, used 68069K [0x0000000081600000, 0x0000000089c80000, 0x00000000d5d00000)
  object space 137728K, 49% used [0x0000000081600000,0x00000000858794d0,0x0000000089c80000)
 Metaspace       used 26465K, capacity 27910K, committed 28288K, reserved 1075200K
  class space    used 2577K, capacity 3076K, committed 3200K, reserved 1048576K
}
Event: 14.280 GC heap before
{Heap before GC invocations=12 (full 1):
 PSYoungGen      total 334336K, used 294526K [0x00000000d5d00000, 0x00000000f2300000, 0x0000000100000000)
  eden space 327168K, 87% used [0x00000000d5d00000,0x00000000e75c39d0,0x00000000e9c80000)
  from space 7168K, 97% used [0x00000000f1c00000,0x00000000f22dc190,0x00000000f2300000)
  to   space 37888K, 0% used [0x00000000ed900000,0x00000000ed900000,0x00000000efe00000)
 ParOldGen       total 137728K, used 68069K [0x0000000081600000, 0x0000000089c80000, 0x00000000d5d00000)
  object space 137728K, 49% used [0x0000000081600000,0x00000000858794d0,0x0000000089c80000)
 Metaspace       used 33345K, capacity 35454K, committed 35496K, reserved 1081344K
  class space    used 3245K, capacity 4008K, committed 4008K, reserved 1048576K
Event: 14.303 GC heap after
Heap after GC invocations=12 (full 1):
 PSYoungGen      total 427008K, used 10930K [0x00000000d5d00000, 0x00000000f2c80000, 0x0000000100000000)
  eden space 389120K, 0% used [0x00000000d5d00000,0x00000000d5d00000,0x00000000ed900000)
  from space 37888K, 28% used [0x00000000ed900000,0x00000000ee3ac9c8,0x00000000efe00000)
  to   space 36352K, 0% used [0x00000000f0900000,0x00000000f0900000,0x00000000f2c80000)
 ParOldGen       total 137728K, used 68077K [0x0000000081600000, 0x0000000089c80000, 0x00000000d5d00000)
  object space 137728K, 49% used [0x0000000081600000,0x000000008587b4d0,0x0000000089c80000)
 Metaspace       used 33345K, capacity 35454K, committed 35496K, reserved 1081344K
  class space    used 3245K, capacity 4008K, committed 4008K, reserved 1048576K
}
Event: 14.303 GC heap before
{Heap before GC invocations=13 (full 2):
 PSYoungGen      total 427008K, used 10930K [0x00000000d5d00000, 0x00000000f2c80000, 0x0000000100000000)
  eden space 389120K, 0% used [0x00000000d5d00000,0x00000000d5d00000,0x00000000ed900000)
  from space 37888K, 28% used [0x00000000ed900000,0x00000000ee3ac9c8,0x00000000efe00000)
  to   space 36352K, 0% used [0x00000000f0900000,0x00000000f0900000,0x00000000f2c80000)
 ParOldGen       total 137728K, used 68077K [0x0000000081600000, 0x0000000089c80000, 0x00000000d5d00000)
  object space 137728K, 49% used [0x0000000081600000,0x000000008587b4d0,0x0000000089c80000)
 Metaspace       used 33345K, capacity 35454K, committed 35496K, reserved 1081344K
  class space    used 3245K, capacity 4008K, committed 4008K, reserved 1048576K
Event: 14.547 GC heap after
Heap after GC invocations=13 (full 2):
 PSYoungGen      total 427008K, used 0K [0x00000000d5d00000, 0x00000000f2c80000, 0x0000000100000000)
  eden space 389120K, 0% used [0x00000000d5d00000,0x00000000d5d00000,0x00000000ed900000)
  from space 37888K, 0% used [0x00000000ed900000,0x00000000ed900000,0x00000000efe00000)
  to   space 36352K, 0% used [0x00000000f0900000,0x00000000f0900000,0x00000000f2c80000)
 ParOldGen       total 181248K, used 76484K [0x0000000081600000, 0x000000008c700000, 0x00000000d5d00000)
  object space 181248K, 42% used [0x0000000081600000,0x00000000860b1238,0x000000008c700000)
 Metaspace       used 33345K, capacity 35454K, committed 35496K, reserved 1081344K
  class space    used 3245K, capacity 4008K, committed 4008K, reserved 1048576K
}

