# JRE version: OpenJDK Runtime Environment (8.0_152-b01) (build 1.8.0_152-release-1248-b01)
# Java VM: OpenJDK 64-Bit Server VM (25.152-b01 mixed mode windows-amd64 compressed oops)
Heap:
 PSYoungGen      total 376320K, used 22024K [0x00000000d5d00000, 0x00000000f2300000, 0x0000000100000000)
  eden space 336896K, 6% used [0x00000000d5d00000,0x00000000d7282228,0x00000000ea600000)
  from space 39424K, 0% used [0x00000000ed600000,0x00000000ed600000,0x00000000efc80000)
  to   space 7168K, 0% used [0x00000000f1c00000,0x00000000f1c00000,0x00000000f2300000)
 ParOldGen       total 87552K, used 84922K [0x0000000081600000, 0x0000000086b80000, 0x00000000d5d00000)
  object space 87552K, 96% used [0x0000000081600000,0x00000000868ee830,0x0000000086b80000)
 Metaspace       used 44402K, capacity 48511K, committed 48552K, reserved 1091584K
  class space    used 4898K, capacity 6303K, committed 6312K, reserved 1048576K
GC Heap History (10 events):
Event: 8.049 GC heap before
{Heap before GC invocations=10 (full 1):
 PSYoungGen      total 289280K, used 28128K [0x00000000d5d00000, 0x00000000f4300000, 0x0000000100000000)
  eden space 261120K, 0% used [0x00000000d5d00000,0x00000000d5d00000,0x00000000e5c00000)
  from space 28160K, 99% used [0x00000000e5c00000,0x00000000e7778020,0x00000000e7780000)
  to   space 39936K, 0% used [0x00000000f1c00000,0x00000000f1c00000,0x00000000f4300000)
 ParOldGen       total 87552K, used 52767K [0x0000000081600000, 0x0000000086b80000, 0x00000000d5d00000)
  object space 87552K, 60% used [0x0000000081600000,0x0000000084987d80,0x0000000086b80000)
 Metaspace       used 20344K, capacity 21154K, committed 21296K, reserved 1069056K
  class space    used 2055K, capacity 2381K, committed 2432K, reserved 1048576K
Event: 8.346 GC heap after
Heap after GC invocations=10 (full 1):
 PSYoungGen      total 289280K, used 0K [0x00000000d5d00000, 0x00000000f4300000, 0x0000000100000000)
  eden space 261120K, 0% used [0x00000000d5d00000,0x00000000d5d00000,0x00000000e5c00000)
  from space 28160K, 0% used [0x00000000e5c00000,0x00000000e5c00000,0x00000000e7780000)
  to   space 39936K, 0% used [0x00000000f1c00000,0x00000000f1c00000,0x00000000f4300000)
 ParOldGen       total 87552K, used 69284K [0x0000000081600000, 0x0000000086b80000, 0x00000000d5d00000)
  object space 87552K, 79% used [0x0000000081600000,0x00000000859a9090,0x0000000086b80000)
 Metaspace       used 20344K, capacity 21154K, committed 21296K, reserved 1069056K
  class space    used 2055K, capacity 2381K, committed 2432K, reserved 1048576K
}
Event: 9.818 GC heap before
{Heap before GC invocations=11 (full 1):
 PSYoungGen      total 289280K, used 261120K [0x00000000d5d00000, 0x00000000f4300000, 0x0000000100000000)
  eden space 261120K, 100% used [0x00000000d5d00000,0x00000000e5c00000,0x00000000e5c00000)
  from space 28160K, 0% used [0x00000000e5c00000,0x00000000e5c00000,0x00000000e7780000)
  to   space 39936K, 0% used [0x00000000f1c00000,0x00000000f1c00000,0x00000000f4300000)
 ParOldGen       total 87552K, used 69284K [0x0000000081600000, 0x0000000086b80000, 0x00000000d5d00000)
  object space 87552K, 79% used [0x0000000081600000,0x00000000859a9090,0x0000000086b80000)
 Metaspace       used 26494K, capacity 27914K, committed 28288K, reserved 1075200K
  class space    used 2581K, capacity 3076K, committed 3200K, reserved 1048576K
Event: 9.863 GC heap after
Heap after GC invocations=11 (full 1):
 PSYoungGen      total 344064K, used 6841K [0x00000000d5d00000, 0x00000000f2300000, 0x0000000100000000)
  eden space 336896K, 0% used [0x00000000d5d00000,0x00000000d5d00000,0x00000000ea600000)
  from space 7168K, 95% used [0x00000000f1c00000,0x00000000f22ae7d8,0x00000000f2300000)
  to   space 39424K, 0% used [0x00000000ed600000,0x00000000ed600000,0x00000000efc80000)
 ParOldGen       total 87552K, used 69292K [0x0000000081600000, 0x0000000086b80000, 0x00000000d5d00000)
  object space 87552K, 79% used [0x0000000081600000,0x00000000859ab090,0x0000000086b80000)
 Metaspace       used 26494K, capacity 27914K, committed 28288K, reserved 1075200K
  class space    used 2581K, capacity 3076K, committed 3200K, reserved 1048576K
}
Event: 11.557 GC heap before
{Heap before GC invocations=12 (full 1):
 PSYoungGen      total 344064K, used 295128K [0x00000000d5d00000, 0x00000000f2300000, 0x0000000100000000)
  eden space 336896K, 85% used [0x00000000d5d00000,0x00000000e7687890,0x00000000ea600000)
  from space 7168K, 95% used [0x00000000f1c00000,0x00000000f22ae7d8,0x00000000f2300000)
  to   space 39424K, 0% used [0x00000000ed600000,0x00000000ed600000,0x00000000efc80000)
 ParOldGen       total 87552K, used 69292K [0x0000000081600000, 0x0000000086b80000, 0x00000000d5d00000)
  object space 87552K, 79% used [0x0000000081600000,0x00000000859ab090,0x0000000086b80000)
 Metaspace       used 33326K, capacity 35386K, committed 35496K, reserved 1081344K
  class space    used 3244K, capacity 4008K, committed 4008K, reserved 1048576K
Event: 11.577 GC heap after
Heap after GC invocations=12 (full 1):
 PSYoungGen      total 376320K, used 10922K [0x00000000d5d00000, 0x00000000f2300000, 0x0000000100000000)
  eden space 336896K, 0% used [0x00000000d5d00000,0x00000000d5d00000,0x00000000ea600000)
  from space 39424K, 27% used [0x00000000ed600000,0x00000000ee0aabc0,0x00000000efc80000)
  to   space 7168K, 0% used [0x00000000f1c00000,0x00000000f1c00000,0x00000000f2300000)
 ParOldGen       total 87552K, used 69300K [0x0000000081600000, 0x0000000086b80000, 0x00000000d5d00000)
  object space 87552K, 79% used [0x0000000081600000,0x00000000859ad090,0x0000000086b80000)
 Metaspace       used 33326K, capacity 35386K, committed 35496K, reserved 1081344K
  class space    used 3244K, capacity 4008K, committed 4008K, reserved 1048576K
}
Event: 11.577 GC heap before
{Heap before GC invocations=13 (full 2):
 PSYoungGen      total 376320K, used 10922K [0x00000000d5d00000, 0x00000000f2300000, 0x0000000100000000)
  eden space 336896K, 0% used [0x00000000d5d00000,0x00000000d5d00000,0x00000000ea600000)
  from space 39424K, 27% used [0x00000000ed600000,0x00000000ee0aabc0,0x00000000efc80000)
  to   space 7168K, 0% used [0x00000000f1c00000,0x00000000f1c00000,0x00000000f2300000)
 ParOldGen       total 87552K, used 69300K [0x0000000081600000, 0x0000000086b80000, 0x00000000d5d00000)
  object space 87552K, 79% used [0x0000000081600000,0x00000000859ad090,0x0000000086b80000)
 Metaspace       used 33326K, capacity 35386K, committed 35496K, reserved 1081344K
  class space    used 3244K, capacity 4008K, committed 4008K, reserved 1048576K
Event: 11.875 GC heap after
Heap after GC invocations=13 (full 2):
 PSYoungGen      total 376320K, used 0K [0x00000000d5d00000, 0x00000000f2300000, 0x0000000100000000)
  eden space 336896K, 0% used [0x00000000d5d00000,0x00000000d5d00000,0x00000000ea600000)
  from space 39424K, 0% used [0x00000000ed600000,0x00000000ed600000,0x00000000efc80000)
  to   space 7168K, 0% used [0x00000000f1c00000,0x00000000f1c00000,0x00000000f2300000)
 ParOldGen       total 87552K, used 76288K [0x0000000081600000, 0x0000000086b80000, 0x00000000d5d00000)
  object space 87552K, 87% used [0x0000000081600000,0x0000000086080190,0x0000000086b80000)
 Metaspace       used 33326K, capacity 35386K, committed 35496K, reserved 1081344K
  class space    used 3244K, capacity 4008K, committed 4008K, reserved 1048576K
}
Event: 13.935 GC heap before
{Heap before GC invocations=14 (full 3):
 PSYoungGen      total 376320K, used 336896K [0x00000000d5d00000, 0x00000000f2300000, 0x0000000100000000)
  eden space 336896K, 100% used [0x00000000d5d00000,0x00000000ea600000,0x00000000ea600000)
  from space 39424K, 0% used [0x00000000ed600000,0x00000000ed600000,0x00000000efc80000)
  to   space 7168K, 0% used [0x00000000f1c00000,0x00000000f1c00000,0x00000000f2300000)
 ParOldGen       total 87552K, used 76288K [0x0000000081600000, 0x0000000086b80000, 0x00000000d5d00000)
  object space 87552K, 87% used [0x0000000081600000,0x0000000086080190,0x0000000086b80000)
 Metaspace       used 43102K, capacity 47013K, committed 47144K, reserved 1089536K
  class space    used 4730K, capacity 6076K, committed 6184K, reserved 1048576K
Event: 14.380 GC heap after
Heap after GC invocations=14 (full 3):
 PSYoungGen      total 376320K, used 0K [0x00000000d5d00000, 0x00000000f2300000, 0x0000000100000000)
  eden space 336896K, 0% used [0x00000000d5d00000,0x00000000d5d00000,0x00000000ea600000)
  from space 39424K, 0% used [0x00000000ed600000,0x00000000ed600000,0x00000000efc80000)
  to   space 7168K, 0% used [0x00000000f1c00000,0x00000000f1c00000,0x00000000f2300000)
 ParOldGen       total 87552K, used 84922K [0x0000000081600000, 0x0000000086b80000, 0x00000000d5d00000)
  object space 87552K, 96% used [0x0000000081600000,0x00000000868ee830,0x0000000086b80000)
 Metaspace       used 43102K, capacity 47013K, committed 47144K, reserved 1089536K
  class space    used 4730K, capacity 6076K, committed 6184K, reserved 1048576K
}

