# JRE version: OpenJDK Runtime Environment (8.0_152-b01) (build 1.8.0_152-release-1248-b01)
# Java VM: OpenJDK 64-Bit Server VM (25.152-b01 mixed mode windows-amd64 compressed oops)
Heap:
 PSYoungGen      total 289280K, used 176306K [0x00000000d5d00000, 0x00000000f4380000, 0x0000000100000000)
  eden space 262656K, 67% used [0x00000000d5d00000,0x00000000e092cbc0,0x00000000e5d80000)
  from space 26624K, 0% used [0x00000000e5d80000,0x00000000e5d80000,0x00000000e7780000)
  to   space 38912K, 0% used [0x00000000f1d80000,0x00000000f1d80000,0x00000000f4380000)
 ParOldGen       total 87552K, used 69241K [0x0000000081600000, 0x0000000086b80000, 0x00000000d5d00000)
  object space 87552K, 79% used [0x0000000081600000,0x000000008599e680,0x0000000086b80000)
 Metaspace       used 24813K, capacity 26198K, committed 26368K, reserved 1073152K
  class space    used 2479K, capacity 2980K, committed 3072K, reserved 1048576K
GC Heap History (10 events):
Event: 5.507 GC heap before
{Heap before GC invocations=6 (full 0):
 PSYoungGen      total 71680K, used 71676K [0x00000000d5d00000, 0x00000000df400000, 0x0000000100000000)
  eden space 66560K, 100% used [0x00000000d5d00000,0x00000000d9e00000,0x00000000d9e00000)
  from space 5120K, 99% used [0x00000000d9e00000,0x00000000da2ff240,0x00000000da300000)
  to   space 10752K, 0% used [0x00000000de980000,0x00000000de980000,0x00000000df400000)
 ParOldGen       total 87552K, used 8964K [0x0000000081600000, 0x0000000086b80000, 0x00000000d5d00000)
  object space 87552K, 10% used [0x0000000081600000,0x0000000081ec10f8,0x0000000086b80000)
 Metaspace       used 17065K, capacity 17782K, committed 18048K, reserved 1064960K
  class space    used 1834K, capacity 2127K, committed 2176K, reserved 1048576K
Event: 5.533 GC heap after
Heap after GC invocations=6 (full 0):
 PSYoungGen      total 143872K, used 7474K [0x00000000d5d00000, 0x00000000df400000, 0x0000000100000000)
  eden space 133120K, 0% used [0x00000000d5d00000,0x00000000d5d00000,0x00000000ddf00000)
  from space 10752K, 69% used [0x00000000de980000,0x00000000df0cc9a8,0x00000000df400000)
  to   space 10752K, 0% used [0x00000000ddf00000,0x00000000ddf00000,0x00000000de980000)
 ParOldGen       total 87552K, used 8972K [0x0000000081600000, 0x0000000086b80000, 0x00000000d5d00000)
  object space 87552K, 10% used [0x0000000081600000,0x0000000081ec30f8,0x0000000086b80000)
 Metaspace       used 17065K, capacity 17782K, committed 18048K, reserved 1064960K
  class space    used 1834K, capacity 2127K, committed 2176K, reserved 1048576K
}
Event: 6.918 GC heap before
{Heap before GC invocations=7 (full 0):
 PSYoungGen      total 143872K, used 140594K [0x00000000d5d00000, 0x00000000df400000, 0x0000000100000000)
  eden space 133120K, 100% used [0x00000000d5d00000,0x00000000ddf00000,0x00000000ddf00000)
  from space 10752K, 69% used [0x00000000de980000,0x00000000df0cc9a8,0x00000000df400000)
  to   space 10752K, 0% used [0x00000000ddf00000,0x00000000ddf00000,0x00000000de980000)
 ParOldGen       total 87552K, used 8972K [0x0000000081600000, 0x0000000086b80000, 0x00000000d5d00000)
  object space 87552K, 10% used [0x0000000081600000,0x0000000081ec30f8,0x0000000086b80000)
 Metaspace       used 18936K, capacity 19740K, committed 19968K, reserved 1067008K
  class space    used 1967K, capacity 2292K, committed 2304K, reserved 1048576K
Event: 6.954 GC heap after
Heap after GC invocations=7 (full 0):
 PSYoungGen      total 143872K, used 10736K [0x00000000d5d00000, 0x00000000e8e00000, 0x0000000100000000)
  eden space 133120K, 0% used [0x00000000d5d00000,0x00000000d5d00000,0x00000000ddf00000)
  from space 10752K, 99% used [0x00000000ddf00000,0x00000000de97c120,0x00000000de980000)
  to   space 23040K, 0% used [0x00000000e7780000,0x00000000e7780000,0x00000000e8e00000)
 ParOldGen       total 87552K, used 30582K [0x0000000081600000, 0x0000000086b80000, 0x00000000d5d00000)
  object space 87552K, 34% used [0x0000000081600000,0x00000000833dd920,0x0000000086b80000)
 Metaspace       used 18936K, capacity 19740K, committed 19968K, reserved 1067008K
  class space    used 1967K, capacity 2292K, committed 2304K, reserved 1048576K
}
Event: 7.900 GC heap before
{Heap before GC invocations=8 (full 0):
 PSYoungGen      total 143872K, used 143856K [0x00000000d5d00000, 0x00000000e8e00000, 0x0000000100000000)
  eden space 133120K, 100% used [0x00000000d5d00000,0x00000000ddf00000,0x00000000ddf00000)
  from space 10752K, 99% used [0x00000000ddf00000,0x00000000de97c120,0x00000000de980000)
  to   space 23040K, 0% used [0x00000000e7780000,0x00000000e7780000,0x00000000e8e00000)
 ParOldGen       total 87552K, used 30582K [0x0000000081600000, 0x0000000086b80000, 0x00000000d5d00000)
  object space 87552K, 34% used [0x0000000081600000,0x00000000833dd920,0x0000000086b80000)
 Metaspace       used 19131K, capacity 19932K, committed 19968K, reserved 1067008K
  class space    used 1969K, capacity 2292K, committed 2304K, reserved 1048576K
Event: 7.930 GC heap after
Heap after GC invocations=8 (full 0):
 PSYoungGen      total 285696K, used 22304K [0x00000000d5d00000, 0x00000000e9500000, 0x0000000100000000)
  eden space 262656K, 0% used [0x00000000d5d00000,0x00000000d5d00000,0x00000000e5d80000)
  from space 23040K, 96% used [0x00000000e7780000,0x00000000e8d48000,0x00000000e8e00000)
  to   space 26624K, 0% used [0x00000000e5d80000,0x00000000e5d80000,0x00000000e7780000)
 ParOldGen       total 87552K, used 32554K [0x0000000081600000, 0x0000000086b80000, 0x00000000d5d00000)
  object space 87552K, 37% used [0x0000000081600000,0x00000000835caa50,0x0000000086b80000)
 Metaspace       used 19131K, capacity 19932K, committed 19968K, reserved 1067008K
  class space    used 1969K, capacity 2292K, committed 2304K, reserved 1048576K
}
Event: 9.846 GC heap before
{Heap before GC invocations=9 (full 0):
 PSYoungGen      total 285696K, used 261443K [0x00000000d5d00000, 0x00000000e9500000, 0x0000000100000000)
  eden space 262656K, 91% used [0x00000000d5d00000,0x00000000e4688ea8,0x00000000e5d80000)
  from space 23040K, 96% used [0x00000000e7780000,0x00000000e8d48000,0x00000000e8e00000)
  to   space 26624K, 0% used [0x00000000e5d80000,0x00000000e5d80000,0x00000000e7780000)
 ParOldGen       total 87552K, used 32554K [0x0000000081600000, 0x0000000086b80000, 0x00000000d5d00000)
  object space 87552K, 37% used [0x0000000081600000,0x00000000835caa50,0x0000000086b80000)
 Metaspace       used 20356K, capacity 21154K, committed 21296K, reserved 1069056K
  class space    used 2054K, capacity 2381K, committed 2432K, reserved 1048576K
Event: 9.918 GC heap after
Heap after GC invocations=9 (full 0):
 PSYoungGen      total 289280K, used 26592K [0x00000000d5d00000, 0x00000000f4380000, 0x0000000100000000)
  eden space 262656K, 0% used [0x00000000d5d00000,0x00000000d5d00000,0x00000000e5d80000)
  from space 26624K, 99% used [0x00000000e5d80000,0x00000000e7778020,0x00000000e7780000)
  to   space 38912K, 0% used [0x00000000f1d80000,0x00000000f1d80000,0x00000000f4380000)
 ParOldGen       total 87552K, used 51574K [0x0000000081600000, 0x0000000086b80000, 0x00000000d5d00000)
  object space 87552K, 58% used [0x0000000081600000,0x000000008485dbd0,0x0000000086b80000)
 Metaspace       used 20356K, capacity 21154K, committed 21296K, reserved 1069056K
  class space    used 2054K, capacity 2381K, committed 2432K, reserved 1048576K
}
Event: 9.918 GC heap before
{Heap before GC invocations=10 (full 1):
 PSYoungGen      total 289280K, used 26592K [0x00000000d5d00000, 0x00000000f4380000, 0x0000000100000000)
  eden space 262656K, 0% used [0x00000000d5d00000,0x00000000d5d00000,0x00000000e5d80000)
  from space 26624K, 99% used [0x00000000e5d80000,0x00000000e7778020,0x00000000e7780000)
  to   space 38912K, 0% used [0x00000000f1d80000,0x00000000f1d80000,0x00000000f4380000)
 ParOldGen       total 87552K, used 51574K [0x0000000081600000, 0x0000000086b80000, 0x00000000d5d00000)
  object space 87552K, 58% used [0x0000000081600000,0x000000008485dbd0,0x0000000086b80000)
 Metaspace       used 20356K, capacity 21154K, committed 21296K, reserved 1069056K
  class space    used 2054K, capacity 2381K, committed 2432K, reserved 1048576K
Event: 10.299 GC heap after
Heap after GC invocations=10 (full 1):
 PSYoungGen      total 289280K, used 0K [0x00000000d5d00000, 0x00000000f4380000, 0x0000000100000000)
  eden space 262656K, 0% used [0x00000000d5d00000,0x00000000d5d00000,0x00000000e5d80000)
  from space 26624K, 0% used [0x00000000e5d80000,0x00000000e5d80000,0x00000000e7780000)
  to   space 38912K, 0% used [0x00000000f1d80000,0x00000000f1d80000,0x00000000f4380000)
 ParOldGen       total 87552K, used 69241K [0x0000000081600000, 0x0000000086b80000, 0x00000000d5d00000)
  object space 87552K, 79% used [0x0000000081600000,0x000000008599e680,0x0000000086b80000)
 Metaspace       used 20356K, capacity 21154K, committed 21296K, reserved 1069056K
  class space    used 2054K, capacity 2381K, committed 2432K, reserved 1048576K
}

